f:\source\windows\chapter21\getcpuid\getcpuid\x64\release\vc142.pdb
f:\source\windows\chapter21\getcpuid\getcpuid\x64\release\getcpuid.obj
f:\source\windows\chapter21\getcpuid\getcpuid\x64\release\test.obj
f:\source\windows\chapter21\getcpuid\x64\release\getcpuid.ipdb
f:\source\windows\chapter21\getcpuid\x64\release\getcpuid.iobj
f:\source\windows\chapter21\getcpuid\x64\release\getcpuid.exe
f:\source\windows\chapter21\getcpuid\x64\release\getcpuid.pdb
f:\source\windows\chapter21\getcpuid\getcpuid\x64\release\getcpuid.res
f:\source\windows\chapter21\getcpuid\getcpuid\x64\release\getcpuid.tlog\cl.command.1.tlog
f:\source\windows\chapter21\getcpuid\getcpuid\x64\release\getcpuid.tlog\cl.read.1.tlog
f:\source\windows\chapter21\getcpuid\getcpuid\x64\release\getcpuid.tlog\cl.write.1.tlog
f:\source\windows\chapter21\getcpuid\getcpuid\x64\release\getcpuid.tlog\custombuild.command.1.tlog
f:\source\windows\chapter21\getcpuid\getcpuid\x64\release\getcpuid.tlog\custombuild.read.1.tlog
f:\source\windows\chapter21\getcpuid\getcpuid\x64\release\getcpuid.tlog\custombuild.write.1.tlog
f:\source\windows\chapter21\getcpuid\getcpuid\x64\release\getcpuid.tlog\getcpuid.write.1u.tlog
f:\source\windows\chapter21\getcpuid\getcpuid\x64\release\getcpuid.tlog\link.command.1.tlog
f:\source\windows\chapter21\getcpuid\getcpuid\x64\release\getcpuid.tlog\link.read.1.tlog
f:\source\windows\chapter21\getcpuid\getcpuid\x64\release\getcpuid.tlog\link.write.1.tlog
f:\source\windows\chapter21\getcpuid\getcpuid\x64\release\getcpuid.tlog\rc.command.1.tlog
f:\source\windows\chapter21\getcpuid\getcpuid\x64\release\getcpuid.tlog\rc.read.1.tlog
f:\source\windows\chapter21\getcpuid\getcpuid\x64\release\getcpuid.tlog\rc.write.1.tlog
