f:\source\windows\chapter21\getcpuid\getcpuid\x64\debug\vc142.pdb
f:\source\windows\chapter21\getcpuid\getcpuid\x64\debug\vc142.idb
f:\source\windows\chapter21\getcpuid\getcpuid\x64\debug\getcpuid.obj
f:\source\windows\chapter21\getcpuid\getcpuid\x64\debug\test.obj
f:\source\windows\chapter21\getcpuid\x64\debug\getcpuid.exe
f:\source\windows\chapter21\getcpuid\getcpuid\x64\debug\getcpuid.ilk
f:\source\windows\chapter21\getcpuid\x64\debug\getcpuid.pdb
f:\source\windows\chapter21\getcpuid\getcpuid\x64\debug\getcpuid.res
f:\source\windows\chapter21\getcpuid\x64\debug\getcpuid.ilk
f:\source\windows\chapter21\getcpuid\getcpuid\x64\debug\getcpuid.tlog\cl.command.1.tlog
f:\source\windows\chapter21\getcpuid\getcpuid\x64\debug\getcpuid.tlog\cl.read.1.tlog
f:\source\windows\chapter21\getcpuid\getcpuid\x64\debug\getcpuid.tlog\cl.write.1.tlog
f:\source\windows\chapter21\getcpuid\getcpuid\x64\debug\getcpuid.tlog\custombuild.command.1.tlog
f:\source\windows\chapter21\getcpuid\getcpuid\x64\debug\getcpuid.tlog\custombuild.read.1.tlog
f:\source\windows\chapter21\getcpuid\getcpuid\x64\debug\getcpuid.tlog\custombuild.write.1.tlog
f:\source\windows\chapter21\getcpuid\getcpuid\x64\debug\getcpuid.tlog\link.command.1.tlog
f:\source\windows\chapter21\getcpuid\getcpuid\x64\debug\getcpuid.tlog\link.read.1.tlog
f:\source\windows\chapter21\getcpuid\getcpuid\x64\debug\getcpuid.tlog\link.write.1.tlog
f:\source\windows\chapter21\getcpuid\getcpuid\x64\debug\getcpuid.tlog\rc.command.1.tlog
f:\source\windows\chapter21\getcpuid\getcpuid\x64\debug\getcpuid.tlog\rc.read.1.tlog
f:\source\windows\chapter21\getcpuid\getcpuid\x64\debug\getcpuid.tlog\rc.write.1.tlog
